<?xml version="1.0" encoding="UTF-8"?>
<coverage generated="1692901738054" clover="3.2.0">
  <project timestamp="1692901738054" name="All files">
    <metrics statements="7" coveredstatements="6" conditionals="22" coveredconditionals="21" methods="1" coveredmethods="1" elements="30" coveredelements="28" complexity="0" loc="7" ncloc="7" packages="1" files="1" classes="1"/>
    <file name="getScore.js" path="D:\Users\luisg\Documents\Drive UFLA\Dev Web\Ignite - Rocketseat\Discover\JavaScript\Projetos\sistema-notas-escolares\getScore.js">
      <metrics statements="7" coveredstatements="6" conditionals="22" coveredconditionals="21" methods="1" coveredmethods="1"/>
      <line num="3" count="12" type="stmt"/>
      <line num="5" count="12" type="cond" truecount="4" falsecount="0"/>
      <line num="6" count="7" type="stmt"/>
      <line num="8" count="5" type="cond" truecount="3" falsecount="1"/>
      <line num="9" count="0" type="stmt"/>
      <line num="12" count="5" type="cond" truecount="2" falsecount="0"/>
      <line num="20" count="5" type="stmt"/>
    </file>
  </project>
</coverage>
