{"D:\\Users\\luisg\\Documents\\Drive UFLA\\Dev Web\\Ignite - Rocketseat\\Discover\\JavaScript\\Projetos\\sistema-notas-escolares\\getScore.js": {"path":"D:\\Users\\luisg\\Documents\\Drive UFLA\\Dev Web\\Ignite - Rocketseat\\Discover\\JavaScript\\Projetos\\sistema-notas-escolares\\getScore.js","statementMap":{"0":{"start":{"line":3,"column":14},"end":{"line":3,"column":15}},"1":{"start":{"line":5,"column":2},"end":{"line":18,"column":3}},"2":{"start":{"line":6,"column":4},"end":{"line":6,"column":25}},"3":{"start":{"line":8,"column":7},"end":{"line":18,"column":3}},"4":{"start":{"line":9,"column":4},"end":{"line":9,"column":26}},"5":{"start":{"line":12,"column":4},"end":{"line":17,"column":5}},"6":{"start":{"line":20,"column":2},"end":{"line":20,"column":14}}},"fnMap":{"0":{"name":"getScore","decl":{"start":{"line":1,"column":9},"end":{"line":1,"column":17}},"loc":{"start":{"line":1,"column":25},"end":{"line":21,"column":1}},"line":1}},"branchMap":{"0":{"loc":{"start":{"line":5,"column":2},"end":{"line":18,"column":3}},"type":"if","locations":[{"start":{"line":5,"column":2},"end":{"line":18,"column":3}},{"start":{"line":8,"column":7},"end":{"line":18,"column":3}}],"line":5},"1":{"loc":{"start":{"line":5,"column":5},"end":{"line":5,"column":45}},"type":"binary-expr","locations":[{"start":{"line":5,"column":5},"end":{"line":5,"column":29}},{"start":{"line":5,"column":33},"end":{"line":5,"column":45}}],"line":5},"2":{"loc":{"start":{"line":8,"column":7},"end":{"line":18,"column":3}},"type":"if","locations":[{"start":{"line":8,"column":7},"end":{"line":18,"column":3}},{"start":{"line":11,"column":7},"end":{"line":18,"column":3}}],"line":8},"3":{"loc":{"start":{"line":8,"column":11},"end":{"line":8,"column":34}},"type":"binary-expr","locations":[{"start":{"line":8,"column":11},"end":{"line":8,"column":20}},{"start":{"line":8,"column":24},"end":{"line":8,"column":34}}],"line":8},"4":{"loc":{"start":{"line":12,"column":12},"end":{"line":17,"column":5}},"type":"cond-expr","locations":[{"start":{"line":12,"column":28},"end":{"line":12,"column":31}},{"start":{"line":13,"column":6},"end":{"line":16,"column":7}}],"line":12},"5":{"loc":{"start":{"line":13,"column":6},"end":{"line":16,"column":7}},"type":"cond-expr","locations":[{"start":{"line":13,"column":35},"end":{"line":13,"column":38}},{"start":{"line":14,"column":8},"end":{"line":15,"column":49}}],"line":13},"6":{"loc":{"start":{"line":13,"column":7},"end":{"line":13,"column":31}},"type":"binary-expr","locations":[{"start":{"line":13,"column":7},"end":{"line":13,"column":17}},{"start":{"line":13,"column":21},"end":{"line":13,"column":31}}],"line":13},"7":{"loc":{"start":{"line":14,"column":8},"end":{"line":15,"column":49}},"type":"cond-expr","locations":[{"start":{"line":14,"column":37},"end":{"line":14,"column":40}},{"start":{"line":15,"column":10},"end":{"line":15,"column":48}}],"line":14},"8":{"loc":{"start":{"line":14,"column":9},"end":{"line":14,"column":33}},"type":"binary-expr","locations":[{"start":{"line":14,"column":9},"end":{"line":14,"column":19}},{"start":{"line":14,"column":23},"end":{"line":14,"column":33}}],"line":14},"9":{"loc":{"start":{"line":15,"column":10},"end":{"line":15,"column":48}},"type":"cond-expr","locations":[{"start":{"line":15,"column":39},"end":{"line":15,"column":42}},{"start":{"line":15,"column":45},"end":{"line":15,"column":48}}],"line":15},"10":{"loc":{"start":{"line":15,"column":11},"end":{"line":15,"column":35}},"type":"binary-expr","locations":[{"start":{"line":15,"column":11},"end":{"line":15,"column":21}},{"start":{"line":15,"column":25},"end":{"line":15,"column":35}}],"line":15}},"s":{"0":12,"1":12,"2":7,"3":5,"4":0,"5":5,"6":5},"f":{"0":12},"b":{"0":[7,5],"1":[12,6],"2":[0,5],"3":[5,5],"4":[1,4],"5":[1,3],"6":[4,4],"7":[1,2],"8":[3,3],"9":[1,1],"10":[2,2]},"_coverageSchema":"1a1c01bbd47fc00a2c39e90264f33305004495a9","hash":"2e491d22062e36ae7c07da47f90f06cd0cd59b9e"}
}
